PREDICATES(0)=[a,b,c]
LITERALS(0)=[a(X,Y),b(X,Z),c(Y,Z)]
VARS(0)=[[X,Y],[X,Z],[Y,Z]]
NEWVARS(0)=[[X,Y],[Z],[]]
adding a
DEP(1,2)= DEPENDENCY_DEPENDENT
PREDICATES(1)=[a,b,c]
LITERALS(1)=[a(X),b(X),c(X)]
VARS(1)=[[X],[X],[X]]
NEWVARS(1)=[[X],[],[]]
adding a
DEP(1,2)= DEPENDENCY_G_INDEPENDENT
PREDICATES(2)=[a,b,c]
LITERALS(2)=[a(X,Y,Z),b(X,Y),c(X,Z)]
VARS(2)=[[X,Y,Z],[X,Y],[X,Z]]
NEWVARS(2)=[[X,Y,Z],[],[]]
adding a
DEP(1,2)= DEPENDENCY_G_I_INDEPENDENT
PREDICATES(3)=[a,b,c]
LITERALS(3)=[a(X,Y),b(X),c(Y)]
VARS(3)=[[X,Y],[X],[Y]]
NEWVARS(3)=[[X,Y],[],[]]
adding a
DEP(1,2)= DEPENDENCY_I_INDEPENDENT
PREDICATES(4)=[a,b,c]
LITERALS(4)=[a(X),b(Y),c(Z)]
VARS(4)=[[X],[Y],[Z]]
NEWVARS(4)=[[X],[Y],[Z]]
adding a
DEP(1,2)= DEPENDENCY_INDEPENDENT
PREDICATES(5)=[a,b,c]
LITERALS(5)=[a([A|B]),b(A),c(B)]
VARS(5)=[[A,B],[A],[B]]
NEWVARS(5)=[[A,B],[],[]]
adding a
DEP(1,2)= DEPENDENCY_I_INDEPENDENT
PREDICATES(6)=[a,b,c]
LITERALS(6)=[a([A],[B]),b([[A]]),c([B])]
VARS(6)=[[A,B],[A],[B]]
NEWVARS(6)=[[A,B],[],[]]
adding a
DEP(1,2)= DEPENDENCY_I_INDEPENDENT
PREDICATES(7)=[a,b,c,d]
LITERALS(7)=[a(X,Y,Z),b(X,Y),c(X,Z),d(X)]
VARS(7)=[[X,Y,Z],[X,Y],[X,Z],[X]]
NEWVARS(7)=[[X,Y,Z],[],[],[]]
adding a
DEP(1,2)= DEPENDENCY_G_I_INDEPENDENT
DEP(1,3)= DEPENDENCY_G_INDEPENDENT
DEP(2,3)= DEPENDENCY_G_INDEPENDENT
PREDICATES(8)=[a,>,>=,<,<=,=,==,\=,\=]
LITERALS(8)=[a(X,Y),>(X,Y),>=(X,Y),<(X,Y),<=(X,Y),=(X,Y),==(X,Y),\=(X,Y),\=(X,Y)]
VARS(8)=[[X,Y],[X,Y],[X,Y],[X,Y],[X,Y],[X,Y],[X,Y],[X,Y],[X,Y]]
NEWVARS(8)=[[X,Y],[],[],[],[],[],[],[],[]]
adding a
DEP(1,2)= DEPENDENCY_G_INDEPENDENT
DEP(1,3)= DEPENDENCY_G_INDEPENDENT
DEP(2,3)= DEPENDENCY_G_INDEPENDENT
DEP(1,4)= DEPENDENCY_G_INDEPENDENT
DEP(2,4)= DEPENDENCY_G_INDEPENDENT
DEP(3,4)= DEPENDENCY_G_INDEPENDENT
DEP(1,5)= DEPENDENCY_G_INDEPENDENT
DEP(2,5)= DEPENDENCY_G_INDEPENDENT
DEP(3,5)= DEPENDENCY_G_INDEPENDENT
DEP(4,5)= DEPENDENCY_G_INDEPENDENT
DEP(1,6)= DEPENDENCY_G_INDEPENDENT
DEP(2,6)= DEPENDENCY_G_INDEPENDENT
DEP(3,6)= DEPENDENCY_G_INDEPENDENT
DEP(4,6)= DEPENDENCY_G_INDEPENDENT
DEP(5,6)= DEPENDENCY_G_INDEPENDENT
DEP(1,7)= DEPENDENCY_G_INDEPENDENT
DEP(2,7)= DEPENDENCY_G_INDEPENDENT
DEP(3,7)= DEPENDENCY_G_INDEPENDENT
DEP(4,7)= DEPENDENCY_G_INDEPENDENT
DEP(5,7)= DEPENDENCY_G_INDEPENDENT
DEP(6,7)= DEPENDENCY_G_INDEPENDENT
DEP(1,8)= DEPENDENCY_G_INDEPENDENT
DEP(2,8)= DEPENDENCY_G_INDEPENDENT
DEP(3,8)= DEPENDENCY_G_INDEPENDENT
DEP(4,8)= DEPENDENCY_G_INDEPENDENT
DEP(5,8)= DEPENDENCY_G_INDEPENDENT
DEP(6,8)= DEPENDENCY_G_INDEPENDENT
DEP(7,8)= DEPENDENCY_G_INDEPENDENT
PREDICATES(9)=[a,b,c,>,d]
LITERALS(9)=[a(X,Y),b(5),c(5.117),>(5,X),d([5|T])]
VARS(9)=[[X,Y],[],[],[X],[T]]
NEWVARS(9)=[[X,Y],[],[],[],[T]]
adding a
DEP(1,2)= DEPENDENCY_INDEPENDENT
DEP(1,3)= DEPENDENCY_INDEPENDENT
DEP(2,3)= DEPENDENCY_INDEPENDENT
DEP(1,4)= DEPENDENCY_INDEPENDENT
DEP(2,4)= DEPENDENCY_INDEPENDENT
DEP(3,4)= DEPENDENCY_INDEPENDENT
PREDICATES(10)=[ar,>]
LITERALS(10)=[ar(X,Y),>(+(X,Y),5)]
VARS(10)=[[X,Y],[X,Y]]
NEWVARS(10)=[[X,Y],[]]
adding ar
PREDICATES(11)=[ar,a]
LITERALS(11)=[ar(X,Y),a(-(X,Y))]
VARS(11)=[[X,Y],[X,Y]]
NEWVARS(11)=[[X,Y],[]]
adding ar
PREDICATES(12)=[ar,>]
LITERALS(12)=[ar(X,Y),>(*(X,Y),5)]
VARS(12)=[[X,Y],[X,Y]]
NEWVARS(12)=[[X,Y],[]]
adding ar
PREDICATES(13)=[ar,a,b]
LITERALS(13)=[ar(X,Y),a(/(X,Y)),b(+(X,*(Y,X)))]
VARS(13)=[[X,Y],[X,Y],[X,Y]]
NEWVARS(13)=[[X,Y],[],[]]
adding ar
DEP(1,2)= DEPENDENCY_G_INDEPENDENT
PREDICATES(14)=[ar,>]
LITERALS(14)=[ar(X,Y),>(+(X,*(Y,X)),5)]
VARS(14)=[[X,Y],[X,Y]]
NEWVARS(14)=[[X,Y],[]]
adding ar
PREDICATES(15)=[ar,>]
LITERALS(15)=[ar(X,Y),>(-(X,/(Y,X)),5)]
VARS(15)=[[X,Y],[X,Y]]
NEWVARS(15)=[[X,Y],[]]
adding ar
PREDICATES(16)=[ar,>]
LITERALS(16)=[ar(X,Y),>(/(*(X,Y),X),5)]
VARS(16)=[[X,Y],[X,Y]]
NEWVARS(16)=[[X,Y],[]]
adding ar
PREDICATES(17)=[ar,>]
LITERALS(17)=[ar(X,Y),>(*(+(X,Y),X),5)]
VARS(17)=[[X,Y],[X,Y]]
NEWVARS(17)=[[X,Y],[]]
adding ar
pritning 4
